Arguments: 
  C:\Program Files\nodejs\node.exe C:\Users\preciousarierhi\AppData\Roaming\npm\node_modules\yarn\bin\yarn.js add number-counter

PATH: 
  C:\Windows\system32;C:\Windows;C:\Windows\System32\Wbem;C:\Windows\System32\WindowsPowerShell\v1.0\;C:\Windows\System32\OpenSSH\;C:\Program Files (x86)\Git\cmd;C:\Program Files\Amazon\AWSCLIV2\;C:\Program Files\nodejs\;C:\ProgramData\chocolatey\bin;C:\Users\preciousarierhi;C:\Users\preciousarierhi\AppData\Local\Programs\Microsoft VS Code\bin;C:\Users\preciousarierhi\AppData\Local\hyper\app-3.0.2\resources\bin;C:\Program Files\OpenSSL-Win64\bin;C:\Program Files\heroku\bin;C:\Users\preciousarierhi\AppData\Roaming\npm

Yarn version: 
  1.22.10

Node version: 
  16.18.0

Platform: 
  win32 x64

Trace: 
  Error: https://registry.yarnpkg.com/@iconscout/react-unicons/-/react-unicons-1.1.6.tgz: ESOCKETTIMEDOUT
      at ClientRequest.<anonymous> (C:\Users\preciousarierhi\AppData\Roaming\npm\node_modules\yarn\lib\cli.js:141289:19)
      at Object.onceWrapper (node:events:627:28)
      at ClientRequest.emit (node:events:513:28)
      at TLSSocket.emitRequestTimeout (node:_http_client:839:9)
      at Object.onceWrapper (node:events:627:28)
      at TLSSocket.emit (node:events:525:35)
      at TLSSocket.Socket._onTimeout (node:net:550:8)
      at listOnTimeout (node:internal/timers:559:17)
      at processTimers (node:internal/timers:502:7)

npm manifest: 
  {
    "name": "client",
    "version": "0.1.0",
    "private": true,
    "dependencies": {
      "@iconscout/react-unicons": "^1.1.6",
      "@testing-library/jest-dom": "^5.16.3",
      "@testing-library/react": "^12.1.4",
      "@testing-library/user-event": "^13.5.0",
      "aos": "^2.3.4",
      "axios": "^0.27.2",
      "framer-motion": "^4.1.17",
      "moment": "^2.29.3",
      "moment-timezone": "^0.5.34",
      "react": "^17.0.2",
      "react-activity": "^2.1.3",
      "react-dom": "^17.0.2",
      "react-moment": "^1.1.2",
      "react-multi-carousel": "^2.8.2",
      "react-redux": "^8.0.1",
      "react-responsive-carousel": "^3.2.23",
      "react-router-dom": "^6.2.2",
      "react-scripts": "5.0.0",
      "redux": "^4.2.0",
      "redux-thunk": "^2.4.1",
      "serve": "^14.1.2",
      "socket.io-client": "^4.5.0",
      "web-vitals": "^2.1.4"
    },
    
    "scripts": {
      "start": "react-scripts start",
      "build": "react-scripts build",
      "test": "react-scripts test",
      "eject": "react-scripts eject"
    },
    "eslintConfig": {
      "extends": [
        "react-app",
        "react-app/jest"
      ]
    },
    "browserslist": {
      "production": [
        ">0.2%",
        "not dead",
        "not op_mini all"
      ],
      "development": [
        "last 1 chrome version",
        "last 1 firefox version",
        "last 1 safari version"
      ]
    }
  }

yarn manifest: 
  No manifest

Lockfile: 
  No lockfile
